[0.008s] Invoking command in '/home/yxb/daheng_camera_driver/build/daheng_camera_driver': /usr/bin/cmake /home/yxb/daheng_camera_driver -DCMAKE_INSTALL_PREFIX=/home/yxb/daheng_camera_driver/install/daheng_camera_driver
[0.115s] -- The C compiler identification is GNU 11.4.0
[0.188s] -- The CXX compiler identification is GNU 11.4.0
[0.196s] -- Detecting C compiler ABI info
[0.255s] -- Detecting C compiler ABI info - done
[0.262s] -- Check for working C compiler: /usr/bin/cc - skipped
[0.263s] -- Detecting C compile features
[0.264s] -- Detecting C compile features - done
[0.267s] -- Detecting CXX compiler ABI info
[0.331s] -- Detecting CXX compiler ABI info - done
[0.335s] -- Check for working CXX compiler: /usr/bin/c++ - skipped
[0.335s] -- Detecting CXX compile features
[0.335s] -- Detecting CXX compile features - done
[0.338s] -- Found ament_cmake_auto: 1.3.12 (/opt/ros/humble/share/ament_cmake_auto/cmake)
[0.435s] -- Found Python3: /usr/bin/python3 (found version "3.10.12") found components: Interpreter 
[0.518s] Error parsing '/home/yxb/daheng_camera_driver/package.xml':
[0.544s] Traceback (most recent call last):
[0.544s]   File "/usr/lib/python3/dist-packages/catkin_pkg/package.py", line 610, in parse_package_string
[0.544s]     root = dom.parseString(data)
[0.544s]   File "/usr/lib/python3.10/xml/dom/minidom.py", line 2000, in parseString
[0.545s]     return expatbuilder.parseString(string)
[0.545s]   File "/usr/lib/python3.10/xml/dom/expatbuilder.py", line 925, in parseString
[0.545s]     return builder.parseString(string)
[0.545s]   File "/usr/lib/python3.10/xml/dom/expatbuilder.py", line 223, in parseString
[0.545s]     parser.Parse(string, True)
[0.545s] xml.parsers.expat.ExpatError: no element found: line 1, column 0
[0.545s] 
[0.545s] During handling of the above exception, another exception occurred:
[0.545s] 
[0.545s] Traceback (most recent call last):
[0.546s]   File "/opt/ros/humble/share/ament_cmake_core/cmake/core/package_xml_2_cmake.py", line 150, in <module>
[0.546s]     main()
[0.546s]   File "/opt/ros/humble/share/ament_cmake_core/cmake/core/package_xml_2_cmake.py", line 53, in main
[0.546s]     raise e
[0.546s]   File "/opt/ros/humble/share/ament_cmake_core/cmake/core/package_xml_2_cmake.py", line 49, in main
[0.546s]     package = parse_package_string(
[0.546s]   File "/usr/lib/python3/dist-packages/catkin_pkg/package.py", line 612, in parse_package_string
[0.546s]     raise InvalidPackage('The manifest contains invalid XML:\n%s' % ex, filename)
[0.546s] catkin_pkg.package.InvalidPackage: Error(s) in package '/home/yxb/daheng_camera_driver/package.xml':
[0.546s] The manifest contains invalid XML:
[0.546s] no element found: line 1, column 0
[0.553s] [31mCMake Error at /opt/ros/humble/share/ament_cmake_core/cmake/core/ament_package_xml.cmake:95 (message):
[0.553s]   execute_process(/usr/bin/python3
[0.553s]   /opt/ros/humble/share/ament_cmake_core/cmake/core/package_xml_2_cmake.py
[0.553s]   /home/yxb/daheng_camera_driver/package.xml
[0.553s]   /home/yxb/daheng_camera_driver/build/daheng_camera_driver/ament_cmake_core/package.cmake)
[0.553s]   returned error code 1
[0.553s] Call Stack (most recent call first):
[0.553s]   /opt/ros/humble/share/ament_cmake_core/cmake/core/ament_package_xml.cmake:49 (_ament_package_xml)
[0.553s]   /opt/ros/humble/share/ament_cmake_auto/cmake/ament_auto_find_build_dependencies.cmake:42 (ament_package_xml)
[0.553s]   CMakeLists.txt:10 (ament_auto_find_build_dependencies)
[0.553s] 
[0.553s] [0m
[0.553s] -- Configuring incomplete, errors occurred!
[0.554s] See also "/home/yxb/daheng_camera_driver/build/daheng_camera_driver/CMakeFiles/CMakeOutput.log".
[0.556s] Invoked command in '/home/yxb/daheng_camera_driver/build/daheng_camera_driver' returned '1': /usr/bin/cmake /home/yxb/daheng_camera_driver -DCMAKE_INSTALL_PREFIX=/home/yxb/daheng_camera_driver/install/daheng_camera_driver
