[0.052s] DEBUG:colcon:Command line arguments: ['/usr/bin/colcon', 'build', '--packages-select', 'daheng_camera_driver']
[0.052s] DEBUG:colcon:Parsed command line arguments: Namespace(log_base=None, log_level=None, verb_name='build', build_base='build', install_base='install', merge_install=False, symlink_install=False, test_result_base=None, continue_on_error=False, executor='parallel', parallel_workers=16, event_handlers=None, ignore_user_meta=False, metas=['./colcon.meta'], base_paths=['.'], packages_ignore=None, packages_ignore_regex=None, paths=None, packages_up_to=None, packages_up_to_regex=None, packages_above=None, packages_above_and_dependencies=None, packages_above_depth=None, packages_select_by_dep=None, packages_skip_by_dep=None, packages_skip_up_to=None, packages_select_build_failed=False, packages_skip_build_finished=False, packages_select_test_failures=False, packages_skip_test_passed=False, packages_select=['daheng_camera_driver'], packages_skip=None, packages_select_regex=None, packages_skip_regex=None, packages_start=None, packages_end=None, allow_overriding=[], cmake_args=None, cmake_target=None, cmake_target_skip_unavailable=False, cmake_clean_cache=False, cmake_clean_first=False, cmake_force_configure=False, ament_cmake_args=None, catkin_cmake_args=None, catkin_skip_building_tests=False, verb_parser=<colcon_defaults.argument_parser.defaults.DefaultArgumentsDecorator object at 0x7a1f5ee23820>, verb_extension=<colcon_core.verb.build.BuildVerb object at 0x7a1f5ef6cd30>, main=<bound method BuildVerb.main of <colcon_core.verb.build.BuildVerb object at 0x7a1f5ef6cd30>>)
[0.126s] Level 1:colcon.colcon_core.package_discovery:discover_packages(colcon_meta) check parameters
[0.126s] Level 1:colcon.colcon_core.package_discovery:discover_packages(recursive) check parameters
[0.126s] Level 1:colcon.colcon_core.package_discovery:discover_packages(ignore) check parameters
[0.126s] Level 1:colcon.colcon_core.package_discovery:discover_packages(path) check parameters
[0.126s] Level 1:colcon.colcon_core.package_discovery:discover_packages(colcon_meta) discover
[0.126s] Level 1:colcon.colcon_core.package_discovery:discover_packages(recursive) discover
[0.126s] INFO:colcon.colcon_core.package_discovery:Crawling recursively for packages in '/home/yxb/daheng_camera_driver/src'
[0.126s] Level 1:colcon.colcon_core.package_identification:_identify(.) by extensions ['ignore', 'ignore_ament_install']
[0.127s] Level 1:colcon.colcon_core.package_identification:_identify(.) by extension 'ignore'
[0.127s] Level 1:colcon.colcon_core.package_identification:_identify(.) by extension 'ignore_ament_install'
[0.127s] Level 1:colcon.colcon_core.package_identification:_identify(.) by extensions ['colcon_pkg']
[0.127s] Level 1:colcon.colcon_core.package_identification:_identify(.) by extension 'colcon_pkg'
[0.127s] Level 1:colcon.colcon_core.package_identification:_identify(.) by extensions ['colcon_meta']
[0.127s] Level 1:colcon.colcon_core.package_identification:_identify(.) by extension 'colcon_meta'
[0.127s] Level 1:colcon.colcon_core.package_identification:_identify(.) by extensions ['ros']
[0.127s] Level 1:colcon.colcon_core.package_identification:_identify(.) by extension 'ros'
[0.133s] Level 1:colcon.colcon_core.package_identification:_identify(.) by extensions ['cmake', 'python']
[0.133s] Level 1:colcon.colcon_core.package_identification:_identify(.) by extension 'cmake'
[0.133s] Level 1:colcon.colcon_core.package_identification:_identify(.) by extension 'python'
[0.133s] Level 1:colcon.colcon_core.package_identification:_identify(.) by extensions ['python_setup_py']
[0.133s] Level 1:colcon.colcon_core.package_identification:_identify(.) by extension 'python_setup_py'
[0.133s] Level 1:colcon.colcon_core.package_identification:_identify(build) by extensions ['ignore', 'ignore_ament_install']
[0.133s] Level 1:colcon.colcon_core.package_identification:_identify(build) by extension 'ignore'
[0.134s] Level 1:colcon.colcon_core.package_identification:_identify(build) ignored
[0.134s] Level 1:colcon.colcon_core.package_identification:_identify(daheng_camera_driver) by extensions ['ignore', 'ignore_ament_install']
[0.134s] Level 1:colcon.colcon_core.package_identification:_identify(daheng_camera_driver) by extension 'ignore'
[0.134s] Level 1:colcon.colcon_core.package_identification:_identify(daheng_camera_driver) by extension 'ignore_ament_install'
[0.134s] Level 1:colcon.colcon_core.package_identification:_identify(daheng_camera_driver) by extensions ['colcon_pkg']
[0.134s] Level 1:colcon.colcon_core.package_identification:_identify(daheng_camera_driver) by extension 'colcon_pkg'
[0.134s] Level 1:colcon.colcon_core.package_identification:_identify(daheng_camera_driver) by extensions ['colcon_meta']
[0.134s] Level 1:colcon.colcon_core.package_identification:_identify(daheng_camera_driver) by extension 'colcon_meta'
[0.134s] Level 1:colcon.colcon_core.package_identification:_identify(daheng_camera_driver) by extensions ['ros']
[0.134s] Level 1:colcon.colcon_core.package_identification:_identify(daheng_camera_driver) by extension 'ros'
[0.134s] Level 1:colcon.colcon_core.package_identification:_identify(daheng_camera_driver) by extensions ['cmake', 'python']
[0.134s] Level 1:colcon.colcon_core.package_identification:_identify(daheng_camera_driver) by extension 'cmake'
[0.134s] Level 1:colcon.colcon_core.package_identification:_identify(daheng_camera_driver) by extension 'python'
[0.134s] Level 1:colcon.colcon_core.package_identification:_identify(daheng_camera_driver) by extensions ['python_setup_py']
[0.134s] Level 1:colcon.colcon_core.package_identification:_identify(daheng_camera_driver) by extension 'python_setup_py'
[0.134s] Level 1:colcon.colcon_core.package_identification:_identify(install) by extensions ['ignore', 'ignore_ament_install']
[0.134s] Level 1:colcon.colcon_core.package_identification:_identify(install) by extension 'ignore'
[0.134s] Level 1:colcon.colcon_core.package_identification:_identify(install) ignored
[0.134s] Level 1:colcon.colcon_core.package_identification:_identify(log) by extensions ['ignore', 'ignore_ament_install']
[0.134s] Level 1:colcon.colcon_core.package_identification:_identify(log) by extension 'ignore'
[0.134s] Level 1:colcon.colcon_core.package_identification:_identify(log) ignored
[0.134s] Level 1:colcon.colcon_core.package_discovery:discover_packages(recursive) using defaults
[0.134s] Level 1:colcon.colcon_core.package_discovery:discover_packages(ignore) discover
[0.134s] Level 1:colcon.colcon_core.package_discovery:discover_packages(ignore) using defaults
[0.134s] Level 1:colcon.colcon_core.package_discovery:discover_packages(path) discover
[0.134s] Level 1:colcon.colcon_core.package_discovery:discover_packages(path) using defaults
[0.134s] WARNING:colcon.colcon_core.package_selection:ignoring unknown package 'daheng_camera_driver' in --packages-select
[0.145s] Level 1:colcon.colcon_core.package_discovery:discover_packages(prefix_path) check parameters
[0.145s] Level 1:colcon.colcon_core.package_discovery:discover_packages(prefix_path) discover
[0.146s] DEBUG:colcon.colcon_installed_package_information.package_discovery:Found 0 installed packages in /home/yxb/daheng_camera_driver/src/install
[0.147s] DEBUG:colcon.colcon_installed_package_information.package_discovery:Found 288 installed packages in /opt/ros/humble
[0.148s] Level 1:colcon.colcon_core.package_discovery:discover_packages(prefix_path) using defaults
[0.181s] INFO:colcon.colcon_core.executor:Executing jobs using 'parallel' executor
[0.182s] DEBUG:colcon.colcon_parallel_executor.executor.parallel:run_until_complete
[0.182s] DEBUG:colcon.colcon_parallel_executor.executor.parallel:closing loop
[0.183s] DEBUG:colcon.colcon_parallel_executor.executor.parallel:loop closed
[0.183s] DEBUG:colcon.colcon_parallel_executor.executor.parallel:run_until_complete finished with '0'
[0.183s] DEBUG:colcon.colcon_core.event_reactor:joining thread
[0.186s] INFO:colcon.colcon_core.plugin_system:Skipping extension 'colcon_notification.desktop_notification.terminal_notifier': Not used on non-Darwin systems
[0.186s] INFO:colcon.colcon_core.plugin_system:Skipping extension 'colcon_notification.desktop_notification.win32': Not used on non-Windows systems
[0.186s] INFO:colcon.colcon_notification.desktop_notification:Sending desktop notification using 'notify2'
[0.195s] DEBUG:colcon.colcon_core.event_reactor:joined thread
[0.196s] INFO:colcon.colcon_core.plugin_system:Skipping extension 'colcon_core.shell.bat': Not used on non-Windows systems
[0.196s] INFO:colcon.colcon_core.shell:Creating prefix script '/home/yxb/daheng_camera_driver/src/install/local_setup.ps1'
[0.197s] INFO:colcon.colcon_core.shell:Creating prefix util module '/home/yxb/daheng_camera_driver/src/install/_local_setup_util_ps1.py'
[0.198s] INFO:colcon.colcon_core.shell:Creating prefix chain script '/home/yxb/daheng_camera_driver/src/install/setup.ps1'
[0.198s] INFO:colcon.colcon_core.shell:Creating prefix script '/home/yxb/daheng_camera_driver/src/install/local_setup.sh'
[0.198s] INFO:colcon.colcon_core.shell:Creating prefix util module '/home/yxb/daheng_camera_driver/src/install/_local_setup_util_sh.py'
[0.199s] INFO:colcon.colcon_core.shell:Creating prefix chain script '/home/yxb/daheng_camera_driver/src/install/setup.sh'
[0.199s] INFO:colcon.colcon_core.shell:Creating prefix script '/home/yxb/daheng_camera_driver/src/install/local_setup.bash'
[0.199s] INFO:colcon.colcon_core.shell:Creating prefix chain script '/home/yxb/daheng_camera_driver/src/install/setup.bash'
[0.200s] INFO:colcon.colcon_core.shell:Creating prefix script '/home/yxb/daheng_camera_driver/src/install/local_setup.zsh'
[0.200s] INFO:colcon.colcon_core.shell:Creating prefix chain script '/home/yxb/daheng_camera_driver/src/install/setup.zsh'
